{"total": {"lines":{"total":41,"covered":16,"skipped":0,"pct":39.02},"statements":{"total":41,"covered":16,"skipped":0,"pct":39.02},"functions":{"total":10,"covered":3,"skipped":0,"pct":30},"branches":{"total":6,"covered":2,"skipped":0,"pct":33.33},"branchesTrue":{"total":0,"covered":0,"skipped":0,"pct":"Unknown"}}
,"C:\\Users\\dalto\\Documents\\DVOPS_Projects\\Lab1Ex1\\DVOPS_Project\\public\\js\\getById.js": {"lines":{"total":4,"covered":0,"skipped":0,"pct":0},"functions":{"total":1,"covered":0,"skipped":0,"pct":0},"statements":{"total":4,"covered":0,"skipped":0,"pct":0},"branches":{"total":0,"covered":0,"skipped":0,"pct":100}}
,"C:\\Users\\dalto\\Documents\\DVOPS_Projects\\Lab1Ex1\\DVOPS_Project\\public\\js\\postById.js": {"lines":{"total":16,"covered":15,"skipped":0,"pct":93.75},"functions":{"total":4,"covered":3,"skipped":0,"pct":75},"statements":{"total":16,"covered":15,"skipped":0,"pct":93.75},"branches":{"total":2,"covered":2,"skipped":0,"pct":100}}
,"C:\\Users\\dalto\\Documents\\DVOPS_Projects\\Lab1Ex1\\DVOPS_Project\\public\\js\\updateById.js": {"lines":{"total":21,"covered":1,"skipped":0,"pct":4.76},"functions":{"total":5,"covered":0,"skipped":0,"pct":0},"statements":{"total":21,"covered":1,"skipped":0,"pct":4.76},"branches":{"total":4,"covered":0,"skipped":0,"pct":0}}
}
