{"C:\\Users\\dalto\\Documents\\DVOPS_Projects\\Lab1Ex1\\dvops_project\\public\\js\\getById.js": {"path":"C:\\Users\\dalto\\Documents\\DVOPS_Projects\\Lab1Ex1\\dvops_project\\public\\js\\getById.js","statementMap":{"0":{"start":{"line":2,"column":4},"end":{"line":7,"column":5}},"1":{"start":{"line":3,"column":25},"end":{"line":3,"column":54}},"2":{"start":{"line":4,"column":8},"end":{"line":4,"column":31}},"3":{"start":{"line":6,"column":8},"end":{"line":6,"column":52}}},"fnMap":{"0":{"name":"getItem","decl":{"start":{"line":1,"column":15},"end":{"line":1,"column":22}},"loc":{"start":{"line":1,"column":27},"end":{"line":8,"column":1}},"line":1}},"branchMap":{},"s":{"0":0,"1":0,"2":0,"3":0},"f":{"0":0},"b":{},"_coverageSchema":"1a1c01bbd47fc00a2c39e90264f33305004495a9","hash":"7f23393c762395e86b2452cf4e76019482fceb8d"}
,"C:\\Users\\dalto\\Documents\\DVOPS_Projects\\Lab1Ex1\\dvops_project\\public\\js\\postById.js": {"path":"C:\\Users\\dalto\\Documents\\DVOPS_Projects\\Lab1Ex1\\dvops_project\\public\\js\\postById.js","statementMap":{"0":{"start":{"line":2,"column":4},"end":{"line":19,"column":5}},"1":{"start":{"line":3,"column":25},"end":{"line":9,"column":10}},"2":{"start":{"line":11,"column":8},"end":{"line":16,"column":9}},"3":{"start":{"line":12,"column":12},"end":{"line":12,"column":35}},"4":{"start":{"line":14,"column":12},"end":{"line":14,"column":55}},"5":{"start":{"line":15,"column":12},"end":{"line":15,"column":74}},"6":{"start":{"line":18,"column":8},"end":{"line":18,"column":52}},"7":{"start":{"line":23,"column":0},"end":{"line":42,"column":3}},"8":{"start":{"line":24,"column":4},"end":{"line":24,"column":27}},"9":{"start":{"line":27,"column":17},"end":{"line":27,"column":58}},"10":{"start":{"line":28,"column":18},"end":{"line":28,"column":60}},"11":{"start":{"line":29,"column":24},"end":{"line":29,"column":72}},"12":{"start":{"line":32,"column":4},"end":{"line":41,"column":7}},"13":{"start":{"line":35,"column":8},"end":{"line":35,"column":30}},"14":{"start":{"line":38,"column":8},"end":{"line":38,"column":24}},"15":{"start":{"line":40,"column":8},"end":{"line":40,"column":51}}},"fnMap":{"0":{"name":"postItem","decl":{"start":{"line":1,"column":15},"end":{"line":1,"column":23}},"loc":{"start":{"line":1,"column":30},"end":{"line":20,"column":1}},"line":1},"1":{"name":"(anonymous_1)","decl":{"start":{"line":23,"column":69},"end":{"line":23,"column":70}},"loc":{"start":{"line":23,"column":85},"end":{"line":42,"column":1}},"line":23},"2":{"name":"(anonymous_2)","decl":{"start":{"line":32,"column":48},"end":{"line":32,"column":49}},"loc":{"start":{"line":32,"column":60},"end":{"line":39,"column":5}},"line":32},"3":{"name":"(anonymous_3)","decl":{"start":{"line":39,"column":13},"end":{"line":39,"column":14}},"loc":{"start":{"line":39,"column":22},"end":{"line":41,"column":5}},"line":39}},"branchMap":{"0":{"loc":{"start":{"line":11,"column":8},"end":{"line":16,"column":9}},"type":"if","locations":[{"start":{"line":11,"column":8},"end":{"line":16,"column":9}},{"start":{"line":13,"column":15},"end":{"line":16,"column":9}}],"line":11}},"s":{"0":3,"1":3,"2":3,"3":2,"4":1,"5":1,"6":1,"7":6,"8":3,"9":3,"10":3,"11":3,"12":3,"13":3,"14":3,"15":0},"f":{"0":3,"1":3,"2":3,"3":0},"b":{"0":[2,1]},"_coverageSchema":"1a1c01bbd47fc00a2c39e90264f33305004495a9","hash":"7aeddb374af3c12e19b2d399ba082e27663c518e"}
,"C:\\Users\\dalto\\Documents\\DVOPS_Projects\\Lab1Ex1\\dvops_project\\public\\js\\updateById.js": {"path":"C:\\Users\\dalto\\Documents\\DVOPS_Projects\\Lab1Ex1\\dvops_project\\public\\js\\updateById.js","statementMap":{"0":{"start":{"line":2,"column":4},"end":{"line":16,"column":5}},"1":{"start":{"line":3,"column":25},"end":{"line":9,"column":10}},"2":{"start":{"line":11,"column":23},"end":{"line":11,"column":44}},"3":{"start":{"line":12,"column":8},"end":{"line":12,"column":22}},"4":{"start":{"line":14,"column":8},"end":{"line":14,"column":53}},"5":{"start":{"line":15,"column":8},"end":{"line":15,"column":20}},"6":{"start":{"line":20,"column":15},"end":{"line":20,"column":61}},"7":{"start":{"line":21,"column":17},"end":{"line":21,"column":65}},"8":{"start":{"line":22,"column":18},"end":{"line":22,"column":67}},"9":{"start":{"line":23,"column":24},"end":{"line":23,"column":79}},"10":{"start":{"line":25,"column":24},"end":{"line":25,"column":52}},"11":{"start":{"line":28,"column":4},"end":{"line":39,"column":7}},"12":{"start":{"line":29,"column":8},"end":{"line":36,"column":9}},"13":{"start":{"line":31,"column":12},"end":{"line":31,"column":36}},"14":{"start":{"line":32,"column":12},"end":{"line":32,"column":35}},"15":{"start":{"line":33,"column":12},"end":{"line":33,"column":28}},"16":{"start":{"line":35,"column":12},"end":{"line":35,"column":44}},"17":{"start":{"line":38,"column":8},"end":{"line":38,"column":53}},"18":{"start":{"line":43,"column":0},"end":{"line":46,"column":3}},"19":{"start":{"line":44,"column":4},"end":{"line":44,"column":27}},"20":{"start":{"line":45,"column":4},"end":{"line":45,"column":20}}},"fnMap":{"0":{"name":"updateItem","decl":{"start":{"line":1,"column":15},"end":{"line":1,"column":25}},"loc":{"start":{"line":1,"column":36},"end":{"line":17,"column":1}},"line":1},"1":{"name":"updateProduct","decl":{"start":{"line":19,"column":9},"end":{"line":19,"column":22}},"loc":{"start":{"line":19,"column":25},"end":{"line":40,"column":1}},"line":19},"2":{"name":"(anonymous_2)","decl":{"start":{"line":28,"column":37},"end":{"line":28,"column":38}},"loc":{"start":{"line":28,"column":49},"end":{"line":37,"column":5}},"line":28},"3":{"name":"(anonymous_3)","decl":{"start":{"line":37,"column":13},"end":{"line":37,"column":14}},"loc":{"start":{"line":37,"column":22},"end":{"line":39,"column":5}},"line":37},"4":{"name":"(anonymous_4)","decl":{"start":{"line":43,"column":70},"end":{"line":43,"column":71}},"loc":{"start":{"line":43,"column":86},"end":{"line":46,"column":1}},"line":43}},"branchMap":{"0":{"loc":{"start":{"line":29,"column":8},"end":{"line":36,"column":9}},"type":"if","locations":[{"start":{"line":29,"column":8},"end":{"line":36,"column":9}},{"start":{"line":34,"column":15},"end":{"line":36,"column":9}}],"line":29},"1":{"loc":{"start":{"line":29,"column":12},"end":{"line":29,"column":40}},"type":"binary-expr","locations":[{"start":{"line":29,"column":12},"end":{"line":29,"column":20}},{"start":{"line":29,"column":24},"end":{"line":29,"column":40}}],"line":29}},"s":{"0":0,"1":0,"2":0,"3":0,"4":0,"5":0,"6":0,"7":0,"8":0,"9":0,"10":0,"11":0,"12":0,"13":0,"14":0,"15":0,"16":0,"17":0,"18":6,"19":0,"20":0},"f":{"0":0,"1":0,"2":0,"3":0,"4":0},"b":{"0":[0,0],"1":[0,0]},"_coverageSchema":"1a1c01bbd47fc00a2c39e90264f33305004495a9","hash":"97f14a600dcc6e11de65340b89e51eff720d147a"}
}
