TN:
SF:index.js
FN:20,(anonymous_0)
FN:30,(anonymous_1)
FNF:2
FNH:0
FNDA:0,(anonymous_0)
FNDA:0,(anonymous_1)
DA:1,1
DA:2,1
DA:3,1
DA:4,1
DA:5,1
DA:7,1
DA:8,1
DA:11,1
DA:14,1
DA:15,1
DA:16,1
DA:17,1
DA:20,1
DA:21,0
DA:25,1
DA:28,1
DA:29,0
DA:30,0
LF:18
LH:15
BRDA:28,0,0,0
BRDA:28,0,1,1
BRDA:29,1,0,0
BRDA:29,1,1,0
BRF:4
BRH:1
end_of_record
TN:
SF:Util\getUtil.js
FN:9,readData
FN:13,(anonymous_1)
FN:18,(anonymous_2)
FN:30,(anonymous_3)
FNF:4
FNH:0
FNDA:0,readData
FNDA:0,(anonymous_1)
FNDA:0,(anonymous_2)
FNDA:0,(anonymous_3)
DA:2,1
DA:3,1
DA:4,1
DA:5,1
DA:7,1
DA:10,0
DA:13,1
DA:14,0
DA:16,0
DA:17,0
DA:18,0
DA:20,0
DA:21,0
DA:24,0
DA:26,0
DA:30,1
DA:31,0
DA:32,0
DA:33,0
DA:35,0
DA:39,1
LF:21
LH:8
BRDA:20,0,0,0
BRDA:20,0,1,0
BRF:2
BRH:0
end_of_record
TN:
SF:Util\postUtil.js
FN:9,readData
FN:19,writeData
FN:30,(anonymous_2)
FNF:3
FNH:3
FNDA:2,readData
FNDA:2,writeData
FNDA:5,(anonymous_2)
DA:1,1
DA:2,1
DA:3,1
DA:4,1
DA:6,1
DA:10,2
DA:11,2
DA:13,0
DA:14,0
DA:20,2
DA:21,2
DA:22,1
DA:24,1
DA:25,1
DA:30,1
DA:31,5
DA:34,5
DA:35,2
DA:39,3
DA:40,1
DA:43,2
DA:44,2
DA:45,2
DA:47,2
DA:49,2
DA:51,2
DA:52,2
DA:55,1
DA:57,1
DA:58,1
DA:62,1
LF:31
LH:29
BRDA:34,0,0,2
BRDA:34,0,1,3
BRDA:39,1,0,1
BRDA:39,1,1,2
BRDA:39,2,0,3
BRDA:39,2,1,2
BRF:6
BRH:6
end_of_record
TN:
SF:Util\updateUtil.js
FN:9,readData
FN:13,writeData
FN:17,(anonymous_2)
FN:23,(anonymous_3)
FNF:4
FNH:0
FNDA:0,readData
FNDA:0,writeData
FNDA:0,(anonymous_2)
FNDA:0,(anonymous_3)
DA:2,1
DA:3,1
DA:4,1
DA:5,1
DA:7,1
DA:10,0
DA:14,0
DA:17,1
DA:18,0
DA:19,0
DA:21,0
DA:22,0
DA:23,0
DA:25,0
DA:26,0
DA:29,0
DA:30,0
DA:32,0
DA:34,0
DA:38,1
LF:20
LH:7
BRDA:25,0,0,0
BRDA:25,0,1,0
BRF:2
BRH:0
end_of_record
