TN:
SF:public\js\getById.js
FN:1,getItem
FNF:1
FNH:0
FNDA:0,getItem
DA:2,0
DA:3,0
DA:4,0
DA:6,0
LF:4
LH:0
BRF:0
BRH:0
end_of_record
TN:
SF:public\js\postById.js
FN:1,postItem
FN:23,(anonymous_1)
FN:32,(anonymous_2)
FN:39,(anonymous_3)
FNF:4
FNH:3
FNDA:3,postItem
FNDA:3,(anonymous_1)
FNDA:3,(anonymous_2)
FNDA:0,(anonymous_3)
DA:2,3
DA:3,3
DA:11,3
DA:12,2
DA:14,1
DA:15,1
DA:18,1
DA:23,6
DA:24,3
DA:27,3
DA:28,3
DA:29,3
DA:32,3
DA:35,3
DA:38,3
DA:40,0
LF:16
LH:15
BRDA:11,0,0,2
BRDA:11,0,1,1
BRF:2
BRH:2
end_of_record
TN:
SF:public\js\updateById.js
FN:1,updateItem
FN:19,updateProduct
FN:28,(anonymous_2)
FN:37,(anonymous_3)
FN:43,(anonymous_4)
FNF:5
FNH:0
FNDA:0,updateItem
FNDA:0,updateProduct
FNDA:0,(anonymous_2)
FNDA:0,(anonymous_3)
FNDA:0,(anonymous_4)
DA:2,0
DA:3,0
DA:11,0
DA:12,0
DA:14,0
DA:15,0
DA:20,0
DA:21,0
DA:22,0
DA:23,0
DA:25,0
DA:28,0
DA:29,0
DA:31,0
DA:32,0
DA:33,0
DA:35,0
DA:38,0
DA:43,6
DA:44,0
DA:45,0
LF:21
LH:1
BRDA:29,0,0,0
BRDA:29,0,1,0
BRDA:29,1,0,0
BRDA:29,1,1,0
BRF:4
BRH:0
end_of_record
